INFO:apscheduler.scheduler:Adding job tentatively -- it will be properly scheduled when the scheduler starts
INFO:apscheduler.scheduler:Adding job tentatively -- it will be properly scheduled when the scheduler starts
INFO:apscheduler.scheduler:Added job "Weekly_Summary" to job store "default"
INFO:apscheduler.scheduler:Added job "Real_Time_Alerts" to job store "default"
INFO:apscheduler.scheduler:Scheduler started
WARNING:werkzeug: * Debugger is active!
INFO:werkzeug: * Debugger PIN: 912-198-325
INFO:werkzeug: * Detected change in '/Users/sumrawal1/smart_hotel/analytics.py', reloading
INFO:apscheduler.scheduler:Adding job tentatively -- it will be properly scheduled when the scheduler starts
INFO:apscheduler.scheduler:Adding job tentatively -- it will be properly scheduled when the scheduler starts
INFO:apscheduler.scheduler:Added job "Weekly_Summary" to job store "default"
INFO:apscheduler.scheduler:Added job "Real_Time_Alerts" to job store "default"
INFO:apscheduler.scheduler:Scheduler started
WARNING:werkzeug: * Debugger is active!
INFO:werkzeug: * Debugger PIN: 912-198-325
INFO:werkzeug: * Detected change in '/Users/sumrawal1/smart_hotel/analytics.py', reloading
INFO:apscheduler.scheduler:Adding job tentatively -- it will be properly scheduled when the scheduler starts
INFO:apscheduler.scheduler:Adding job tentatively -- it will be properly scheduled when the scheduler starts
INFO:apscheduler.scheduler:Added job "Weekly_Summary" to job store "default"
INFO:apscheduler.scheduler:Added job "Real_Time_Alerts" to job store "default"
INFO:apscheduler.scheduler:Scheduler started
WARNING:werkzeug: * Debugger is active!
INFO:werkzeug: * Debugger PIN: 912-198-325
INFO:werkzeug: * Detected change in '/Users/sumrawal1/smart_hotel/run.py', reloading
INFO:apscheduler.scheduler:Adding job tentatively -- it will be properly scheduled when the scheduler starts
INFO:apscheduler.scheduler:Adding job tentatively -- it will be properly scheduled when the scheduler starts
INFO:apscheduler.scheduler:Added job "Weekly_Summary" to job store "default"
INFO:apscheduler.scheduler:Added job "Real_Time_Alerts" to job store "default"
INFO:apscheduler.scheduler:Scheduler started
WARNING:werkzeug: * Debugger is active!
INFO:werkzeug: * Debugger PIN: 912-198-325
INFO:werkzeug: * Detected change in '/Users/sumrawal1/smart_hotel/agent.py', reloading
INFO:apscheduler.scheduler:Adding job tentatively -- it will be properly scheduled when the scheduler starts
INFO:apscheduler.scheduler:Adding job tentatively -- it will be properly scheduled when the scheduler starts
INFO:apscheduler.scheduler:Added job "Weekly_Summary" to job store "default"
INFO:apscheduler.scheduler:Added job "Real_Time_Alerts" to job store "default"
INFO:apscheduler.scheduler:Scheduler started
WARNING:werkzeug: * Debugger is active!
INFO:werkzeug: * Debugger PIN: 912-198-325
INFO:werkzeug: * Detected change in '/Users/sumrawal1/smart_hotel/agent.py', reloading
INFO:apscheduler.scheduler:Adding job tentatively -- it will be properly scheduled when the scheduler starts
INFO:apscheduler.scheduler:Adding job tentatively -- it will be properly scheduled when the scheduler starts
INFO:apscheduler.scheduler:Added job "Weekly_Summary" to job store "default"
INFO:apscheduler.scheduler:Added job "Real_Time_Alerts" to job store "default"
INFO:apscheduler.scheduler:Scheduler started
WARNING:werkzeug: * Debugger is active!
INFO:werkzeug: * Debugger PIN: 912-198-325
INFO:werkzeug: * Detected change in '/Users/sumrawal1/smart_hotel/analytics.py', reloading
